三月 09, 2017 7:21:01 下午 org.apache.catalina.core.AprLifecycleListener init
警告: The APR based Apache Tomcat Native library failed to load. The error reported was [C:\GreenSoft\apache-tomcat-7.0.75-windows-x64\apache-tomcat-7.0.75\bin\tcnative-1.dll: Can't load AMD 64-bit .dll on a IA 32-bit platform]
java.lang.UnsatisfiedLinkError: C:\GreenSoft\apache-tomcat-7.0.75-windows-x64\apache-tomcat-7.0.75\bin\tcnative-1.dll: Can't load AMD 64-bit .dll on a IA 32-bit platform
	at java.lang.ClassLoader$NativeLibrary.load(Native Method)
	at java.lang.ClassLoader.loadLibrary0(ClassLoader.java:1929)
	at java.lang.ClassLoader.loadLibrary(ClassLoader.java:1847)
	at java.lang.Runtime.loadLibrary0(Runtime.java:870)
	at java.lang.System.loadLibrary(System.java:1119)
	at org.apache.tomcat.jni.Library.<init>(Library.java:42)
	at org.apache.tomcat.jni.Library.initialize(Library.java:178)
	at org.apache.catalina.core.AprLifecycleListener.init(AprLifecycleListener.java:200)
	at org.apache.catalina.core.AprLifecycleListener.isAprAvailable(AprLifecycleListener.java:108)
	at org.apache.catalina.connector.Connector.setProtocol(Connector.java:592)
	at org.apache.catalina.connector.Connector.<init>(Connector.java:66)
	at org.apache.catalina.startup.ConnectorCreateRule.begin(ConnectorCreateRule.java:62)
	at org.apache.tomcat.util.digester.Digester.startElement(Digester.java:1303)
	at com.sun.org.apache.xerces.internal.parsers.AbstractSAXParser.startElement(AbstractSAXParser.java:509)
	at com.sun.org.apache.xerces.internal.parsers.AbstractXMLDocumentParser.emptyElement(AbstractXMLDocumentParser.java:182)
	at com.sun.org.apache.xerces.internal.impl.XMLDocumentFragmentScannerImpl.scanStartElement(XMLDocumentFragmentScannerImpl.java:1342)
	at com.sun.org.apache.xerces.internal.impl.XMLDocumentFragmentScannerImpl$FragmentContentDriver.next(XMLDocumentFragmentScannerImpl.java:2770)
	at com.sun.org.apache.xerces.internal.impl.XMLDocumentScannerImpl.next(XMLDocumentScannerImpl.java:606)
	at com.sun.org.apache.xerces.internal.impl.XMLDocumentFragmentScannerImpl.scanDocument(XMLDocumentFragmentScannerImpl.java:510)
	at com.sun.org.apache.xerces.internal.parsers.XML11Configuration.parse(XML11Configuration.java:848)
	at com.sun.org.apache.xerces.internal.parsers.XML11Configuration.parse(XML11Configuration.java:777)
	at com.sun.org.apache.xerces.internal.parsers.XMLParser.parse(XMLParser.java:141)
	at com.sun.org.apache.xerces.internal.parsers.AbstractSAXParser.parse(AbstractSAXParser.java:1213)
	at com.sun.org.apache.xerces.internal.jaxp.SAXParserImpl$JAXPSAXParser.parse(SAXParserImpl.java:649)
	at org.apache.tomcat.util.digester.Digester.parse(Digester.java:1576)
	at org.apache.catalina.startup.Catalina.load(Catalina.java:616)
	at org.apache.catalina.startup.Catalina.load(Catalina.java:667)
	at sun.reflect.NativeMethodAccessorImpl.invoke0(Native Method)
	at sun.reflect.NativeMethodAccessorImpl.invoke(NativeMethodAccessorImpl.java:62)
	at sun.reflect.DelegatingMethodAccessorImpl.invoke(DelegatingMethodAccessorImpl.java:43)
	at java.lang.reflect.Method.invoke(Method.java:483)
	at org.apache.catalina.startup.Bootstrap.load(Bootstrap.java:253)
	at org.apache.catalina.startup.Bootstrap.main(Bootstrap.java:427)

三月 09, 2017 7:21:01 下午 org.apache.catalina.startup.VersionLoggerListener log
信息: Server version:        Apache Tomcat/7.0.75
三月 09, 2017 7:21:01 下午 org.apache.catalina.startup.VersionLoggerListener log
信息: Server built:          Jan 18 2017 20:54:42 UTC
三月 09, 2017 7:21:01 下午 org.apache.catalina.startup.VersionLoggerListener log
信息: Server number:         7.0.75.0
三月 09, 2017 7:21:01 下午 org.apache.catalina.startup.VersionLoggerListener log
信息: OS Name:               Windows 8.1
三月 09, 2017 7:21:01 下午 org.apache.catalina.startup.VersionLoggerListener log
信息: OS Version:            6.3
三月 09, 2017 7:21:01 下午 org.apache.catalina.startup.VersionLoggerListener log
信息: Architecture:          x86
三月 09, 2017 7:21:01 下午 org.apache.catalina.startup.VersionLoggerListener log
信息: Java Home:             C:\Program Files (x86)\Java\jdk1.8.0_05\jre
三月 09, 2017 7:21:01 下午 org.apache.catalina.startup.VersionLoggerListener log
信息: JVM Version:           1.8.0_05-b13
三月 09, 2017 7:21:01 下午 org.apache.catalina.startup.VersionLoggerListener log
信息: JVM Vendor:            Oracle Corporation
三月 09, 2017 7:21:01 下午 org.apache.catalina.startup.VersionLoggerListener log
信息: CATALINA_BASE:         C:\GreenSoft\apache-tomcat-7.0.75-windows-x64\apache-tomcat-7.0.75
三月 09, 2017 7:21:01 下午 org.apache.catalina.startup.VersionLoggerListener log
信息: CATALINA_HOME:         C:\GreenSoft\apache-tomcat-7.0.75-windows-x64\apache-tomcat-7.0.75
三月 09, 2017 7:21:01 下午 org.apache.catalina.startup.VersionLoggerListener log
信息: Command line argument: -Djava.util.logging.config.file=C:\GreenSoft\apache-tomcat-7.0.75-windows-x64\apache-tomcat-7.0.75\conf\logging.properties
三月 09, 2017 7:21:01 下午 org.apache.catalina.startup.VersionLoggerListener log
信息: Command line argument: -Djava.util.logging.manager=org.apache.juli.ClassLoaderLogManager
三月 09, 2017 7:21:01 下午 org.apache.catalina.startup.VersionLoggerListener log
信息: Command line argument: -Djdk.tls.ephemeralDHKeySize=2048
三月 09, 2017 7:21:01 下午 org.apache.catalina.startup.VersionLoggerListener log
信息: Command line argument: -Djava.endorsed.dirs=C:\GreenSoft\apache-tomcat-7.0.75-windows-x64\apache-tomcat-7.0.75\endorsed
三月 09, 2017 7:21:01 下午 org.apache.catalina.startup.VersionLoggerListener log
信息: Command line argument: -Dcatalina.base=C:\GreenSoft\apache-tomcat-7.0.75-windows-x64\apache-tomcat-7.0.75
三月 09, 2017 7:21:01 下午 org.apache.catalina.startup.VersionLoggerListener log
信息: Command line argument: -Dcatalina.home=C:\GreenSoft\apache-tomcat-7.0.75-windows-x64\apache-tomcat-7.0.75
三月 09, 2017 7:21:01 下午 org.apache.catalina.startup.VersionLoggerListener log
信息: Command line argument: -Djava.io.tmpdir=C:\GreenSoft\apache-tomcat-7.0.75-windows-x64\apache-tomcat-7.0.75\temp
三月 09, 2017 7:21:01 下午 org.apache.coyote.AbstractProtocol init
信息: Initializing ProtocolHandler ["http-bio-8080"]
三月 09, 2017 7:21:01 下午 org.apache.coyote.AbstractProtocol init
信息: Initializing ProtocolHandler ["ajp-bio-8009"]
三月 09, 2017 7:21:01 下午 org.apache.catalina.startup.Catalina load
信息: Initialization processed in 735 ms
三月 09, 2017 7:21:01 下午 org.apache.catalina.core.StandardService startInternal
信息: Starting service Catalina
三月 09, 2017 7:21:01 下午 org.apache.catalina.core.StandardEngine startInternal
信息: Starting Servlet Engine: Apache Tomcat/7.0.75
三月 09, 2017 7:21:01 下午 org.apache.catalina.startup.HostConfig deployDirectory
信息: Deploying web application directory C:\GreenSoft\apache-tomcat-7.0.75-windows-x64\apache-tomcat-7.0.75\webapps\docs
三月 09, 2017 7:21:01 下午 org.apache.catalina.startup.HostConfig deployDirectory
信息: Deployment of web application directory C:\GreenSoft\apache-tomcat-7.0.75-windows-x64\apache-tomcat-7.0.75\webapps\docs has finished in 260 ms
三月 09, 2017 7:21:01 下午 org.apache.catalina.startup.HostConfig deployDirectory
信息: Deploying web application directory C:\GreenSoft\apache-tomcat-7.0.75-windows-x64\apache-tomcat-7.0.75\webapps\examples
三月 09, 2017 7:21:02 下午 org.apache.catalina.startup.HostConfig deployDirectory
信息: Deployment of web application directory C:\GreenSoft\apache-tomcat-7.0.75-windows-x64\apache-tomcat-7.0.75\webapps\examples has finished in 185 ms
三月 09, 2017 7:21:02 下午 org.apache.catalina.startup.HostConfig deployDirectory
信息: Deploying web application directory C:\GreenSoft\apache-tomcat-7.0.75-windows-x64\apache-tomcat-7.0.75\webapps\host-manager
三月 09, 2017 7:21:02 下午 org.apache.catalina.startup.HostConfig deployDirectory
信息: Deployment of web application directory C:\GreenSoft\apache-tomcat-7.0.75-windows-x64\apache-tomcat-7.0.75\webapps\host-manager has finished in 59 ms
三月 09, 2017 7:21:02 下午 org.apache.catalina.startup.HostConfig deployDirectory
信息: Deploying web application directory C:\GreenSoft\apache-tomcat-7.0.75-windows-x64\apache-tomcat-7.0.75\webapps\manager
三月 09, 2017 7:21:02 下午 org.apache.catalina.startup.HostConfig deployDirectory
信息: Deployment of web application directory C:\GreenSoft\apache-tomcat-7.0.75-windows-x64\apache-tomcat-7.0.75\webapps\manager has finished in 44 ms
三月 09, 2017 7:21:02 下午 org.apache.catalina.startup.HostConfig deployDirectory
信息: Deploying web application directory C:\GreenSoft\apache-tomcat-7.0.75-windows-x64\apache-tomcat-7.0.75\webapps\ROOT
三月 09, 2017 7:21:02 下午 org.apache.catalina.startup.HostConfig deployDirectory
信息: Deployment of web application directory C:\GreenSoft\apache-tomcat-7.0.75-windows-x64\apache-tomcat-7.0.75\webapps\ROOT has finished in 32 ms
三月 09, 2017 7:21:02 下午 org.apache.coyote.AbstractProtocol start
信息: Starting ProtocolHandler ["http-bio-8080"]
三月 09, 2017 7:21:02 下午 org.apache.coyote.AbstractProtocol start
信息: Starting ProtocolHandler ["ajp-bio-8009"]
三月 09, 2017 7:21:02 下午 org.apache.catalina.startup.Catalina start
信息: Server startup in 626 ms
