四月 13, 2019 1:57:24 下午 org.apache.catalina.startup.VersionLoggerListener log
信息: Server version:        Apache Tomcat/7.0.75
四月 13, 2019 1:57:24 下午 org.apache.catalina.startup.VersionLoggerListener log
信息: Server built:          Jan 18 2017 20:54:42 UTC
四月 13, 2019 1:57:24 下午 org.apache.catalina.startup.VersionLoggerListener log
信息: Server number:         7.0.75.0
四月 13, 2019 1:57:24 下午 org.apache.catalina.startup.VersionLoggerListener log
信息: OS Name:               Windows 10
四月 13, 2019 1:57:24 下午 org.apache.catalina.startup.VersionLoggerListener log
信息: OS Version:            10.0
四月 13, 2019 1:57:24 下午 org.apache.catalina.startup.VersionLoggerListener log
信息: Architecture:          amd64
四月 13, 2019 1:57:24 下午 org.apache.catalina.startup.VersionLoggerListener log
信息: Java Home:             C:\Program Files\Java\jdk1.8.0_201\jre
四月 13, 2019 1:57:24 下午 org.apache.catalina.startup.VersionLoggerListener log
信息: JVM Version:           1.8.0_201-b09
四月 13, 2019 1:57:24 下午 org.apache.catalina.startup.VersionLoggerListener log
信息: JVM Vendor:            Oracle Corporation
四月 13, 2019 1:57:24 下午 org.apache.catalina.startup.VersionLoggerListener log
信息: CATALINA_BASE:         D:/an_zhuang_bao/apache-tomcat-7.0.75-windows-x64/apache-tomcat-7.0.75
四月 13, 2019 1:57:24 下午 org.apache.catalina.startup.VersionLoggerListener log
信息: CATALINA_HOME:         D:/an_zhuang_bao/apache-tomcat-7.0.75-windows-x64/apache-tomcat-7.0.75
四月 13, 2019 1:57:24 下午 org.apache.catalina.startup.VersionLoggerListener log
信息: Command line argument: -Djava.util.logging.config.file=D:/an_zhuang_bao/apache-tomcat-7.0.75-windows-x64/apache-tomcat-7.0.75/conf/logging.properties
四月 13, 2019 1:57:24 下午 org.apache.catalina.startup.VersionLoggerListener log
信息: Command line argument: -Djava.util.logging.manager=org.apache.juli.ClassLoaderLogManager
四月 13, 2019 1:57:24 下午 org.apache.catalina.startup.VersionLoggerListener log
信息: Command line argument: -Djdk.tls.ephemeralDHKeySize=2048
四月 13, 2019 1:57:24 下午 org.apache.catalina.startup.VersionLoggerListener log
信息: Command line argument: -Djava.endorsed.dirs=D:/an_zhuang_bao/apache-tomcat-7.0.75-windows-x64/apache-tomcat-7.0.75/endorsed
四月 13, 2019 1:57:24 下午 org.apache.catalina.startup.VersionLoggerListener log
信息: Command line argument: -Dcatalina.base=D:/an_zhuang_bao/apache-tomcat-7.0.75-windows-x64/apache-tomcat-7.0.75
四月 13, 2019 1:57:24 下午 org.apache.catalina.startup.VersionLoggerListener log
信息: Command line argument: -Dcatalina.home=D:/an_zhuang_bao/apache-tomcat-7.0.75-windows-x64/apache-tomcat-7.0.75
四月 13, 2019 1:57:24 下午 org.apache.catalina.startup.VersionLoggerListener log
信息: Command line argument: -Djava.io.tmpdir=D:/an_zhuang_bao/apache-tomcat-7.0.75-windows-x64/apache-tomcat-7.0.75/temp
四月 13, 2019 1:57:24 下午 org.apache.catalina.core.AprLifecycleListener lifecycleEvent
信息: Loaded APR based Apache Tomcat Native library 1.2.10 using APR version 1.5.2.
四月 13, 2019 1:57:24 下午 org.apache.catalina.core.AprLifecycleListener lifecycleEvent
信息: APR capabilities: IPv6 [true], sendfile [true], accept filters [false], random [true].
四月 13, 2019 1:57:25 下午 org.apache.catalina.core.AprLifecycleListener initializeSSL
信息: OpenSSL successfully initialized (OpenSSL 1.0.2j  26 Sep 2016)
四月 13, 2019 1:57:25 下午 org.apache.coyote.AbstractProtocol init
信息: Initializing ProtocolHandler ["http-apr-8080"]
四月 13, 2019 1:57:25 下午 org.apache.coyote.AbstractProtocol init
信息: Initializing ProtocolHandler ["ajp-apr-8009"]
四月 13, 2019 1:57:25 下午 org.apache.catalina.startup.Catalina load
信息: Initialization processed in 1401 ms
四月 13, 2019 1:57:25 下午 org.apache.catalina.core.StandardService startInternal
信息: Starting service Catalina
四月 13, 2019 1:57:25 下午 org.apache.catalina.core.StandardEngine startInternal
信息: Starting Servlet Engine: Apache Tomcat/7.0.75
四月 13, 2019 1:57:25 下午 org.apache.catalina.startup.HostConfig deployDirectory
信息: Deploying web application directory D:\an_zhuang_bao\apache-tomcat-7.0.75-windows-x64\apache-tomcat-7.0.75\webapps\docs
四月 13, 2019 1:57:26 下午 org.apache.catalina.util.SessionIdGeneratorBase createSecureRandom
信息: Creation of SecureRandom instance for session ID generation using [SHA1PRNG] took [642] milliseconds.
四月 13, 2019 1:57:26 下午 org.apache.catalina.startup.HostConfig deployDirectory
信息: Deployment of web application directory D:\an_zhuang_bao\apache-tomcat-7.0.75-windows-x64\apache-tomcat-7.0.75\webapps\docs has finished in 941 ms
四月 13, 2019 1:57:26 下午 org.apache.catalina.startup.HostConfig deployDirectory
信息: Deploying web application directory D:\an_zhuang_bao\apache-tomcat-7.0.75-windows-x64\apache-tomcat-7.0.75\webapps\examples
四月 13, 2019 1:57:26 下午 org.apache.catalina.startup.HostConfig deployDirectory
信息: Deployment of web application directory D:\an_zhuang_bao\apache-tomcat-7.0.75-windows-x64\apache-tomcat-7.0.75\webapps\examples has finished in 325 ms
四月 13, 2019 1:57:26 下午 org.apache.catalina.startup.HostConfig deployDirectory
信息: Deploying web application directory D:\an_zhuang_bao\apache-tomcat-7.0.75-windows-x64\apache-tomcat-7.0.75\webapps\host-manager
四月 13, 2019 1:57:26 下午 org.apache.catalina.startup.HostConfig deployDirectory
信息: Deployment of web application directory D:\an_zhuang_bao\apache-tomcat-7.0.75-windows-x64\apache-tomcat-7.0.75\webapps\host-manager has finished in 71 ms
四月 13, 2019 1:57:26 下午 org.apache.catalina.startup.HostConfig deployDirectory
信息: Deploying web application directory D:\an_zhuang_bao\apache-tomcat-7.0.75-windows-x64\apache-tomcat-7.0.75\webapps\manager
四月 13, 2019 1:57:27 下午 org.apache.catalina.startup.HostConfig deployDirectory
信息: Deployment of web application directory D:\an_zhuang_bao\apache-tomcat-7.0.75-windows-x64\apache-tomcat-7.0.75\webapps\manager has finished in 70 ms
四月 13, 2019 1:57:27 下午 org.apache.catalina.startup.HostConfig deployDirectory
信息: Deploying web application directory D:\an_zhuang_bao\apache-tomcat-7.0.75-windows-x64\apache-tomcat-7.0.75\webapps\ROOT
四月 13, 2019 1:57:27 下午 org.apache.catalina.startup.HostConfig deployDirectory
信息: Deployment of web application directory D:\an_zhuang_bao\apache-tomcat-7.0.75-windows-x64\apache-tomcat-7.0.75\webapps\ROOT has finished in 47 ms
四月 13, 2019 1:57:27 下午 org.apache.coyote.AbstractProtocol start
信息: Starting ProtocolHandler ["http-apr-8080"]
四月 13, 2019 1:57:27 下午 org.apache.coyote.AbstractProtocol start
信息: Starting ProtocolHandler ["ajp-apr-8009"]
四月 13, 2019 1:57:27 下午 org.apache.catalina.startup.Catalina start
信息: Server startup in 1586 ms
四月 13, 2019 1:57:32 下午 org.apache.catalina.startup.VersionLoggerListener log
信息: Server version:        Apache Tomcat/7.0.75
四月 13, 2019 1:57:32 下午 org.apache.catalina.startup.VersionLoggerListener log
信息: Server built:          Jan 18 2017 20:54:42 UTC
四月 13, 2019 1:57:32 下午 org.apache.catalina.startup.VersionLoggerListener log
信息: Server number:         7.0.75.0
四月 13, 2019 1:57:32 下午 org.apache.catalina.startup.VersionLoggerListener log
信息: OS Name:               Windows 10
四月 13, 2019 1:57:32 下午 org.apache.catalina.startup.VersionLoggerListener log
信息: OS Version:            10.0
四月 13, 2019 1:57:32 下午 org.apache.catalina.startup.VersionLoggerListener log
信息: Architecture:          amd64
四月 13, 2019 1:57:32 下午 org.apache.catalina.startup.VersionLoggerListener log
信息: Java Home:             C:\Program Files\Java\jdk1.8.0_201\jre
四月 13, 2019 1:57:32 下午 org.apache.catalina.startup.VersionLoggerListener log
信息: JVM Version:           1.8.0_201-b09
四月 13, 2019 1:57:32 下午 org.apache.catalina.startup.VersionLoggerListener log
信息: JVM Vendor:            Oracle Corporation
四月 13, 2019 1:57:32 下午 org.apache.catalina.startup.VersionLoggerListener log
信息: CATALINA_BASE:         D:\an_zhuang_bao\apache-tomcat-7.0.75-windows-x64\apache-tomcat-7.0.75
四月 13, 2019 1:57:32 下午 org.apache.catalina.startup.VersionLoggerListener log
信息: CATALINA_HOME:         D:\an_zhuang_bao\apache-tomcat-7.0.75-windows-x64\apache-tomcat-7.0.75
四月 13, 2019 1:57:32 下午 org.apache.catalina.startup.VersionLoggerListener log
信息: Command line argument: -Djava.util.logging.config.file=D:\an_zhuang_bao\apache-tomcat-7.0.75-windows-x64\apache-tomcat-7.0.75\conf\logging.properties
四月 13, 2019 1:57:32 下午 org.apache.catalina.startup.VersionLoggerListener log
信息: Command line argument: -Djava.util.logging.manager=org.apache.juli.ClassLoaderLogManager
四月 13, 2019 1:57:32 下午 org.apache.catalina.startup.VersionLoggerListener log
信息: Command line argument: -Djdk.tls.ephemeralDHKeySize=2048
四月 13, 2019 1:57:32 下午 org.apache.catalina.startup.VersionLoggerListener log
信息: Command line argument: -Djava.endorsed.dirs=D:\an_zhuang_bao\apache-tomcat-7.0.75-windows-x64\apache-tomcat-7.0.75\endorsed
四月 13, 2019 1:57:32 下午 org.apache.catalina.startup.VersionLoggerListener log
信息: Command line argument: -Dcatalina.base=D:\an_zhuang_bao\apache-tomcat-7.0.75-windows-x64\apache-tomcat-7.0.75
四月 13, 2019 1:57:32 下午 org.apache.catalina.startup.VersionLoggerListener log
信息: Command line argument: -Dcatalina.home=D:\an_zhuang_bao\apache-tomcat-7.0.75-windows-x64\apache-tomcat-7.0.75
四月 13, 2019 1:57:32 下午 org.apache.catalina.startup.VersionLoggerListener log
信息: Command line argument: -Djava.io.tmpdir=D:\an_zhuang_bao\apache-tomcat-7.0.75-windows-x64\apache-tomcat-7.0.75\temp
四月 13, 2019 1:57:32 下午 org.apache.catalina.core.AprLifecycleListener lifecycleEvent
信息: Loaded APR based Apache Tomcat Native library 1.2.10 using APR version 1.5.2.
四月 13, 2019 1:57:32 下午 org.apache.catalina.core.AprLifecycleListener lifecycleEvent
信息: APR capabilities: IPv6 [true], sendfile [true], accept filters [false], random [true].
四月 13, 2019 1:57:33 下午 org.apache.catalina.core.AprLifecycleListener initializeSSL
信息: OpenSSL successfully initialized (OpenSSL 1.0.2j  26 Sep 2016)
四月 13, 2019 1:57:33 下午 org.apache.coyote.AbstractProtocol init
信息: Initializing ProtocolHandler ["http-apr-8080"]
四月 13, 2019 1:57:33 下午 org.apache.coyote.AbstractProtocol init
严重: Failed to initialize end point associated with ProtocolHandler ["http-apr-8080"]
java.lang.Exception: Socket bind failed: [730048] ?????????×???(Э?é/???????/???)????í??
	at org.apache.tomcat.util.net.AprEndpoint.bind(AprEndpoint.java:481)
	at org.apache.tomcat.util.net.AbstractEndpoint.init(AbstractEndpoint.java:715)
	at org.apache.coyote.AbstractProtocol.init(AbstractProtocol.java:452)
	at org.apache.catalina.connector.Connector.initInternal(Connector.java:978)
	at org.apache.catalina.util.LifecycleBase.init(LifecycleBase.java:102)
	at org.apache.catalina.core.StandardService.initInternal(StandardService.java:560)
	at org.apache.catalina.util.LifecycleBase.init(LifecycleBase.java:102)
	at org.apache.catalina.core.StandardServer.initInternal(StandardServer.java:840)
	at org.apache.catalina.util.LifecycleBase.init(LifecycleBase.java:102)
	at org.apache.catalina.startup.Catalina.load(Catalina.java:642)
	at org.apache.catalina.startup.Catalina.load(Catalina.java:667)
	at sun.reflect.NativeMethodAccessorImpl.invoke0(Native Method)
	at sun.reflect.NativeMethodAccessorImpl.invoke(NativeMethodAccessorImpl.java:62)
	at sun.reflect.DelegatingMethodAccessorImpl.invoke(DelegatingMethodAccessorImpl.java:43)
	at java.lang.reflect.Method.invoke(Method.java:498)
	at org.apache.catalina.startup.Bootstrap.load(Bootstrap.java:253)
	at org.apache.catalina.startup.Bootstrap.main(Bootstrap.java:427)

四月 13, 2019 1:57:33 下午 org.apache.catalina.core.StandardService initInternal
严重: Failed to initialize connector [Connector[HTTP/1.1-8080]]
org.apache.catalina.LifecycleException: Failed to initialize component [Connector[HTTP/1.1-8080]]
	at org.apache.catalina.util.LifecycleBase.init(LifecycleBase.java:107)
	at org.apache.catalina.core.StandardService.initInternal(StandardService.java:560)
	at org.apache.catalina.util.LifecycleBase.init(LifecycleBase.java:102)
	at org.apache.catalina.core.StandardServer.initInternal(StandardServer.java:840)
	at org.apache.catalina.util.LifecycleBase.init(LifecycleBase.java:102)
	at org.apache.catalina.startup.Catalina.load(Catalina.java:642)
	at org.apache.catalina.startup.Catalina.load(Catalina.java:667)
	at sun.reflect.NativeMethodAccessorImpl.invoke0(Native Method)
	at sun.reflect.NativeMethodAccessorImpl.invoke(NativeMethodAccessorImpl.java:62)
	at sun.reflect.DelegatingMethodAccessorImpl.invoke(DelegatingMethodAccessorImpl.java:43)
	at java.lang.reflect.Method.invoke(Method.java:498)
	at org.apache.catalina.startup.Bootstrap.load(Bootstrap.java:253)
	at org.apache.catalina.startup.Bootstrap.main(Bootstrap.java:427)
Caused by: org.apache.catalina.LifecycleException: Protocol handler initialization failed
	at org.apache.catalina.connector.Connector.initInternal(Connector.java:980)
	at org.apache.catalina.util.LifecycleBase.init(LifecycleBase.java:102)
	... 12 more
Caused by: java.lang.Exception: Socket bind failed: [730048] ?????????×???(Э?é/???????/???)????í??
	at org.apache.tomcat.util.net.AprEndpoint.bind(AprEndpoint.java:481)
	at org.apache.tomcat.util.net.AbstractEndpoint.init(AbstractEndpoint.java:715)
	at org.apache.coyote.AbstractProtocol.init(AbstractProtocol.java:452)
	at org.apache.catalina.connector.Connector.initInternal(Connector.java:978)
	... 13 more

四月 13, 2019 1:57:33 下午 org.apache.coyote.AbstractProtocol init
信息: Initializing ProtocolHandler ["ajp-apr-8009"]
四月 13, 2019 1:57:33 下午 org.apache.coyote.AbstractProtocol init
严重: Failed to initialize end point associated with ProtocolHandler ["ajp-apr-8009"]
java.lang.Exception: Socket bind failed: [730048] ?????????×???(Э?é/???????/???)????í??
	at org.apache.tomcat.util.net.AprEndpoint.bind(AprEndpoint.java:481)
	at org.apache.tomcat.util.net.AbstractEndpoint.init(AbstractEndpoint.java:715)
	at org.apache.coyote.AbstractProtocol.init(AbstractProtocol.java:452)
	at org.apache.catalina.connector.Connector.initInternal(Connector.java:978)
	at org.apache.catalina.util.LifecycleBase.init(LifecycleBase.java:102)
	at org.apache.catalina.core.StandardService.initInternal(StandardService.java:560)
	at org.apache.catalina.util.LifecycleBase.init(LifecycleBase.java:102)
	at org.apache.catalina.core.StandardServer.initInternal(StandardServer.java:840)
	at org.apache.catalina.util.LifecycleBase.init(LifecycleBase.java:102)
	at org.apache.catalina.startup.Catalina.load(Catalina.java:642)
	at org.apache.catalina.startup.Catalina.load(Catalina.java:667)
	at sun.reflect.NativeMethodAccessorImpl.invoke0(Native Method)
	at sun.reflect.NativeMethodAccessorImpl.invoke(NativeMethodAccessorImpl.java:62)
	at sun.reflect.DelegatingMethodAccessorImpl.invoke(DelegatingMethodAccessorImpl.java:43)
	at java.lang.reflect.Method.invoke(Method.java:498)
	at org.apache.catalina.startup.Bootstrap.load(Bootstrap.java:253)
	at org.apache.catalina.startup.Bootstrap.main(Bootstrap.java:427)

四月 13, 2019 1:57:33 下午 org.apache.catalina.core.StandardService initInternal
严重: Failed to initialize connector [Connector[AJP/1.3-8009]]
org.apache.catalina.LifecycleException: Failed to initialize component [Connector[AJP/1.3-8009]]
	at org.apache.catalina.util.LifecycleBase.init(LifecycleBase.java:107)
	at org.apache.catalina.core.StandardService.initInternal(StandardService.java:560)
	at org.apache.catalina.util.LifecycleBase.init(LifecycleBase.java:102)
	at org.apache.catalina.core.StandardServer.initInternal(StandardServer.java:840)
	at org.apache.catalina.util.LifecycleBase.init(LifecycleBase.java:102)
	at org.apache.catalina.startup.Catalina.load(Catalina.java:642)
	at org.apache.catalina.startup.Catalina.load(Catalina.java:667)
	at sun.reflect.NativeMethodAccessorImpl.invoke0(Native Method)
	at sun.reflect.NativeMethodAccessorImpl.invoke(NativeMethodAccessorImpl.java:62)
	at sun.reflect.DelegatingMethodAccessorImpl.invoke(DelegatingMethodAccessorImpl.java:43)
	at java.lang.reflect.Method.invoke(Method.java:498)
	at org.apache.catalina.startup.Bootstrap.load(Bootstrap.java:253)
	at org.apache.catalina.startup.Bootstrap.main(Bootstrap.java:427)
Caused by: org.apache.catalina.LifecycleException: Protocol handler initialization failed
	at org.apache.catalina.connector.Connector.initInternal(Connector.java:980)
	at org.apache.catalina.util.LifecycleBase.init(LifecycleBase.java:102)
	... 12 more
Caused by: java.lang.Exception: Socket bind failed: [730048] ?????????×???(Э?é/???????/???)????í??
	at org.apache.tomcat.util.net.AprEndpoint.bind(AprEndpoint.java:481)
	at org.apache.tomcat.util.net.AbstractEndpoint.init(AbstractEndpoint.java:715)
	at org.apache.coyote.AbstractProtocol.init(AbstractProtocol.java:452)
	at org.apache.catalina.connector.Connector.initInternal(Connector.java:978)
	... 13 more

四月 13, 2019 1:57:33 下午 org.apache.catalina.startup.Catalina load
信息: Initialization processed in 1144 ms
四月 13, 2019 1:57:33 下午 org.apache.catalina.core.StandardService startInternal
信息: Starting service Catalina
四月 13, 2019 1:57:33 下午 org.apache.catalina.core.StandardEngine startInternal
信息: Starting Servlet Engine: Apache Tomcat/7.0.75
四月 13, 2019 1:57:33 下午 org.apache.catalina.startup.HostConfig deployDirectory
信息: Deploying web application directory D:\an_zhuang_bao\apache-tomcat-7.0.75-windows-x64\apache-tomcat-7.0.75\webapps\docs
四月 13, 2019 1:57:34 下午 org.apache.catalina.util.SessionIdGeneratorBase createSecureRandom
信息: Creation of SecureRandom instance for session ID generation using [SHA1PRNG] took [525] milliseconds.
四月 13, 2019 1:57:34 下午 org.apache.catalina.startup.HostConfig deployDirectory
信息: Deployment of web application directory D:\an_zhuang_bao\apache-tomcat-7.0.75-windows-x64\apache-tomcat-7.0.75\webapps\docs has finished in 795 ms
四月 13, 2019 1:57:34 下午 org.apache.catalina.startup.HostConfig deployDirectory
信息: Deploying web application directory D:\an_zhuang_bao\apache-tomcat-7.0.75-windows-x64\apache-tomcat-7.0.75\webapps\examples
四月 13, 2019 1:57:34 下午 org.apache.catalina.startup.HostConfig deployDirectory
信息: Deployment of web application directory D:\an_zhuang_bao\apache-tomcat-7.0.75-windows-x64\apache-tomcat-7.0.75\webapps\examples has finished in 316 ms
四月 13, 2019 1:57:34 下午 org.apache.catalina.startup.HostConfig deployDirectory
信息: Deploying web application directory D:\an_zhuang_bao\apache-tomcat-7.0.75-windows-x64\apache-tomcat-7.0.75\webapps\host-manager
四月 13, 2019 1:57:34 下午 org.apache.catalina.startup.HostConfig deployDirectory
信息: Deployment of web application directory D:\an_zhuang_bao\apache-tomcat-7.0.75-windows-x64\apache-tomcat-7.0.75\webapps\host-manager has finished in 82 ms
四月 13, 2019 1:57:34 下午 org.apache.catalina.startup.HostConfig deployDirectory
信息: Deploying web application directory D:\an_zhuang_bao\apache-tomcat-7.0.75-windows-x64\apache-tomcat-7.0.75\webapps\manager
四月 13, 2019 1:57:34 下午 org.apache.catalina.startup.HostConfig deployDirectory
信息: Deployment of web application directory D:\an_zhuang_bao\apache-tomcat-7.0.75-windows-x64\apache-tomcat-7.0.75\webapps\manager has finished in 79 ms
四月 13, 2019 1:57:34 下午 org.apache.catalina.startup.HostConfig deployDirectory
信息: Deploying web application directory D:\an_zhuang_bao\apache-tomcat-7.0.75-windows-x64\apache-tomcat-7.0.75\webapps\ROOT
四月 13, 2019 1:57:34 下午 org.apache.catalina.startup.HostConfig deployDirectory
信息: Deployment of web application directory D:\an_zhuang_bao\apache-tomcat-7.0.75-windows-x64\apache-tomcat-7.0.75\webapps\ROOT has finished in 60 ms
四月 13, 2019 1:57:34 下午 org.apache.catalina.startup.Catalina start
信息: Server startup in 1384 ms
四月 13, 2019 1:57:34 下午 org.apache.catalina.core.StandardServer await
严重: StandardServer.await: create[localhost:8005]: 
java.net.BindException: Address already in use: JVM_Bind
	at java.net.DualStackPlainSocketImpl.bind0(Native Method)
	at java.net.DualStackPlainSocketImpl.socketBind(DualStackPlainSocketImpl.java:106)
	at java.net.AbstractPlainSocketImpl.bind(AbstractPlainSocketImpl.java:387)
	at java.net.PlainSocketImpl.bind(PlainSocketImpl.java:190)
	at java.net.ServerSocket.bind(ServerSocket.java:375)
	at java.net.ServerSocket.<init>(ServerSocket.java:237)
	at org.apache.catalina.core.StandardServer.await(StandardServer.java:444)
	at org.apache.catalina.startup.Catalina.await(Catalina.java:781)
	at org.apache.catalina.startup.Catalina.start(Catalina.java:727)
	at sun.reflect.NativeMethodAccessorImpl.invoke0(Native Method)
	at sun.reflect.NativeMethodAccessorImpl.invoke(NativeMethodAccessorImpl.java:62)
	at sun.reflect.DelegatingMethodAccessorImpl.invoke(DelegatingMethodAccessorImpl.java:43)
	at java.lang.reflect.Method.invoke(Method.java:498)
	at org.apache.catalina.startup.Bootstrap.start(Bootstrap.java:294)
	at org.apache.catalina.startup.Bootstrap.main(Bootstrap.java:428)

四月 13, 2019 1:57:34 下午 org.apache.coyote.AbstractProtocol pause
信息: Pausing ProtocolHandler ["http-apr-8080"]
四月 13, 2019 1:57:34 下午 org.apache.coyote.AbstractProtocol pause
信息: Pausing ProtocolHandler ["ajp-apr-8009"]
四月 13, 2019 1:57:34 下午 org.apache.catalina.core.StandardService stopInternal
信息: Stopping service Catalina
四月 13, 2019 1:57:34 下午 org.apache.coyote.AbstractProtocol stop
信息: Stopping ProtocolHandler ["http-apr-8080"]
四月 13, 2019 1:57:34 下午 org.apache.coyote.AbstractProtocol destroy
信息: Destroying ProtocolHandler ["http-apr-8080"]
四月 13, 2019 1:57:34 下午 org.apache.coyote.AbstractProtocol stop
信息: Stopping ProtocolHandler ["ajp-apr-8009"]
四月 13, 2019 1:57:34 下午 org.apache.coyote.AbstractProtocol destroy
信息: Destroying ProtocolHandler ["ajp-apr-8009"]
四月 13, 2019 2:12:06 下午 org.apache.catalina.core.StandardServer await
警告: StandardServer.await: Invalid command '' received
四月 13, 2019 2:14:02 下午 org.apache.catalina.core.StandardServer await
警告: StandardServer.await: Invalid command '' received
四月 13, 2019 2:18:37 下午 org.apache.catalina.core.StandardServer await
警告: StandardServer.await: Invalid command '' received
四月 13, 2019 2:21:38 下午 org.apache.catalina.core.StandardServer await
警告: StandardServer.await: Invalid command '' received
四月 13, 2019 2:21:49 下午 org.apache.catalina.core.StandardServer await
警告: StandardServer.await: Invalid command '' received
四月 13, 2019 2:24:02 下午 org.apache.catalina.core.StandardServer await
警告: StandardServer.await: Invalid command '' received
四月 13, 2019 2:28:29 下午 org.apache.catalina.startup.VersionLoggerListener log
信息: Server version:        Apache Tomcat/7.0.75
四月 13, 2019 2:28:29 下午 org.apache.catalina.startup.VersionLoggerListener log
信息: Server built:          Jan 18 2017 20:54:42 UTC
四月 13, 2019 2:28:29 下午 org.apache.catalina.startup.VersionLoggerListener log
信息: Server number:         7.0.75.0
四月 13, 2019 2:28:29 下午 org.apache.catalina.startup.VersionLoggerListener log
信息: OS Name:               Windows 10
四月 13, 2019 2:28:29 下午 org.apache.catalina.startup.VersionLoggerListener log
信息: OS Version:            10.0
四月 13, 2019 2:28:29 下午 org.apache.catalina.startup.VersionLoggerListener log
信息: Architecture:          amd64
四月 13, 2019 2:28:29 下午 org.apache.catalina.startup.VersionLoggerListener log
信息: Java Home:             C:\Program Files\Java\jdk1.8.0_201\jre
四月 13, 2019 2:28:29 下午 org.apache.catalina.startup.VersionLoggerListener log
信息: JVM Version:           1.8.0_201-b09
四月 13, 2019 2:28:29 下午 org.apache.catalina.startup.VersionLoggerListener log
信息: JVM Vendor:            Oracle Corporation
四月 13, 2019 2:28:29 下午 org.apache.catalina.startup.VersionLoggerListener log
信息: CATALINA_BASE:         D:\an_zhuang_bao\apache-tomcat-7.0.75-windows-x64\apache-tomcat-7.0.75
四月 13, 2019 2:28:29 下午 org.apache.catalina.startup.VersionLoggerListener log
信息: CATALINA_HOME:         D:\an_zhuang_bao\apache-tomcat-7.0.75-windows-x64\apache-tomcat-7.0.75
四月 13, 2019 2:28:29 下午 org.apache.catalina.startup.VersionLoggerListener log
信息: Command line argument: -Djava.util.logging.config.file=D:\an_zhuang_bao\apache-tomcat-7.0.75-windows-x64\apache-tomcat-7.0.75\conf\logging.properties
四月 13, 2019 2:28:29 下午 org.apache.catalina.startup.VersionLoggerListener log
信息: Command line argument: -Djava.util.logging.manager=org.apache.juli.ClassLoaderLogManager
四月 13, 2019 2:28:29 下午 org.apache.catalina.startup.VersionLoggerListener log
信息: Command line argument: -Djdk.tls.ephemeralDHKeySize=2048
四月 13, 2019 2:28:29 下午 org.apache.catalina.startup.VersionLoggerListener log
信息: Command line argument: -Djava.endorsed.dirs=D:\an_zhuang_bao\apache-tomcat-7.0.75-windows-x64\apache-tomcat-7.0.75\endorsed
四月 13, 2019 2:28:29 下午 org.apache.catalina.startup.VersionLoggerListener log
信息: Command line argument: -Dcatalina.base=D:\an_zhuang_bao\apache-tomcat-7.0.75-windows-x64\apache-tomcat-7.0.75
四月 13, 2019 2:28:29 下午 org.apache.catalina.startup.VersionLoggerListener log
信息: Command line argument: -Dcatalina.home=D:\an_zhuang_bao\apache-tomcat-7.0.75-windows-x64\apache-tomcat-7.0.75
四月 13, 2019 2:28:29 下午 org.apache.catalina.startup.VersionLoggerListener log
信息: Command line argument: -Djava.io.tmpdir=D:\an_zhuang_bao\apache-tomcat-7.0.75-windows-x64\apache-tomcat-7.0.75\temp
四月 13, 2019 2:28:29 下午 org.apache.catalina.core.AprLifecycleListener lifecycleEvent
信息: Loaded APR based Apache Tomcat Native library 1.2.10 using APR version 1.5.2.
四月 13, 2019 2:28:29 下午 org.apache.catalina.core.AprLifecycleListener lifecycleEvent
信息: APR capabilities: IPv6 [true], sendfile [true], accept filters [false], random [true].
四月 13, 2019 2:28:30 下午 org.apache.catalina.core.AprLifecycleListener initializeSSL
信息: OpenSSL successfully initialized (OpenSSL 1.0.2j  26 Sep 2016)
四月 13, 2019 2:28:30 下午 org.apache.coyote.AbstractProtocol init
信息: Initializing ProtocolHandler ["http-apr-8080"]
四月 13, 2019 2:28:30 下午 org.apache.coyote.AbstractProtocol init
严重: Failed to initialize end point associated with ProtocolHandler ["http-apr-8080"]
java.lang.Exception: Socket bind failed: [730048] ?????????×???(Э?é/???????/???)????í??
	at org.apache.tomcat.util.net.AprEndpoint.bind(AprEndpoint.java:481)
	at org.apache.tomcat.util.net.AbstractEndpoint.init(AbstractEndpoint.java:715)
	at org.apache.coyote.AbstractProtocol.init(AbstractProtocol.java:452)
	at org.apache.catalina.connector.Connector.initInternal(Connector.java:978)
	at org.apache.catalina.util.LifecycleBase.init(LifecycleBase.java:102)
	at org.apache.catalina.core.StandardService.initInternal(StandardService.java:560)
	at org.apache.catalina.util.LifecycleBase.init(LifecycleBase.java:102)
	at org.apache.catalina.core.StandardServer.initInternal(StandardServer.java:840)
	at org.apache.catalina.util.LifecycleBase.init(LifecycleBase.java:102)
	at org.apache.catalina.startup.Catalina.load(Catalina.java:642)
	at org.apache.catalina.startup.Catalina.load(Catalina.java:667)
	at sun.reflect.NativeMethodAccessorImpl.invoke0(Native Method)
	at sun.reflect.NativeMethodAccessorImpl.invoke(NativeMethodAccessorImpl.java:62)
	at sun.reflect.DelegatingMethodAccessorImpl.invoke(DelegatingMethodAccessorImpl.java:43)
	at java.lang.reflect.Method.invoke(Method.java:498)
	at org.apache.catalina.startup.Bootstrap.load(Bootstrap.java:253)
	at org.apache.catalina.startup.Bootstrap.main(Bootstrap.java:427)

四月 13, 2019 2:28:30 下午 org.apache.catalina.core.StandardService initInternal
严重: Failed to initialize connector [Connector[HTTP/1.1-8080]]
org.apache.catalina.LifecycleException: Failed to initialize component [Connector[HTTP/1.1-8080]]
	at org.apache.catalina.util.LifecycleBase.init(LifecycleBase.java:107)
	at org.apache.catalina.core.StandardService.initInternal(StandardService.java:560)
	at org.apache.catalina.util.LifecycleBase.init(LifecycleBase.java:102)
	at org.apache.catalina.core.StandardServer.initInternal(StandardServer.java:840)
	at org.apache.catalina.util.LifecycleBase.init(LifecycleBase.java:102)
	at org.apache.catalina.startup.Catalina.load(Catalina.java:642)
	at org.apache.catalina.startup.Catalina.load(Catalina.java:667)
	at sun.reflect.NativeMethodAccessorImpl.invoke0(Native Method)
	at sun.reflect.NativeMethodAccessorImpl.invoke(NativeMethodAccessorImpl.java:62)
	at sun.reflect.DelegatingMethodAccessorImpl.invoke(DelegatingMethodAccessorImpl.java:43)
	at java.lang.reflect.Method.invoke(Method.java:498)
	at org.apache.catalina.startup.Bootstrap.load(Bootstrap.java:253)
	at org.apache.catalina.startup.Bootstrap.main(Bootstrap.java:427)
Caused by: org.apache.catalina.LifecycleException: Protocol handler initialization failed
	at org.apache.catalina.connector.Connector.initInternal(Connector.java:980)
	at org.apache.catalina.util.LifecycleBase.init(LifecycleBase.java:102)
	... 12 more
Caused by: java.lang.Exception: Socket bind failed: [730048] ?????????×???(Э?é/???????/???)????í??
	at org.apache.tomcat.util.net.AprEndpoint.bind(AprEndpoint.java:481)
	at org.apache.tomcat.util.net.AbstractEndpoint.init(AbstractEndpoint.java:715)
	at org.apache.coyote.AbstractProtocol.init(AbstractProtocol.java:452)
	at org.apache.catalina.connector.Connector.initInternal(Connector.java:978)
	... 13 more

四月 13, 2019 2:28:30 下午 org.apache.coyote.AbstractProtocol init
信息: Initializing ProtocolHandler ["ajp-apr-8009"]
四月 13, 2019 2:28:30 下午 org.apache.coyote.AbstractProtocol init
严重: Failed to initialize end point associated with ProtocolHandler ["ajp-apr-8009"]
java.lang.Exception: Socket bind failed: [730048] ?????????×???(Э?é/???????/???)????í??
	at org.apache.tomcat.util.net.AprEndpoint.bind(AprEndpoint.java:481)
	at org.apache.tomcat.util.net.AbstractEndpoint.init(AbstractEndpoint.java:715)
	at org.apache.coyote.AbstractProtocol.init(AbstractProtocol.java:452)
	at org.apache.catalina.connector.Connector.initInternal(Connector.java:978)
	at org.apache.catalina.util.LifecycleBase.init(LifecycleBase.java:102)
	at org.apache.catalina.core.StandardService.initInternal(StandardService.java:560)
	at org.apache.catalina.util.LifecycleBase.init(LifecycleBase.java:102)
	at org.apache.catalina.core.StandardServer.initInternal(StandardServer.java:840)
	at org.apache.catalina.util.LifecycleBase.init(LifecycleBase.java:102)
	at org.apache.catalina.startup.Catalina.load(Catalina.java:642)
	at org.apache.catalina.startup.Catalina.load(Catalina.java:667)
	at sun.reflect.NativeMethodAccessorImpl.invoke0(Native Method)
	at sun.reflect.NativeMethodAccessorImpl.invoke(NativeMethodAccessorImpl.java:62)
	at sun.reflect.DelegatingMethodAccessorImpl.invoke(DelegatingMethodAccessorImpl.java:43)
	at java.lang.reflect.Method.invoke(Method.java:498)
	at org.apache.catalina.startup.Bootstrap.load(Bootstrap.java:253)
	at org.apache.catalina.startup.Bootstrap.main(Bootstrap.java:427)

四月 13, 2019 2:28:30 下午 org.apache.catalina.core.StandardService initInternal
严重: Failed to initialize connector [Connector[AJP/1.3-8009]]
org.apache.catalina.LifecycleException: Failed to initialize component [Connector[AJP/1.3-8009]]
	at org.apache.catalina.util.LifecycleBase.init(LifecycleBase.java:107)
	at org.apache.catalina.core.StandardService.initInternal(StandardService.java:560)
	at org.apache.catalina.util.LifecycleBase.init(LifecycleBase.java:102)
	at org.apache.catalina.core.StandardServer.initInternal(StandardServer.java:840)
	at org.apache.catalina.util.LifecycleBase.init(LifecycleBase.java:102)
	at org.apache.catalina.startup.Catalina.load(Catalina.java:642)
	at org.apache.catalina.startup.Catalina.load(Catalina.java:667)
	at sun.reflect.NativeMethodAccessorImpl.invoke0(Native Method)
	at sun.reflect.NativeMethodAccessorImpl.invoke(NativeMethodAccessorImpl.java:62)
	at sun.reflect.DelegatingMethodAccessorImpl.invoke(DelegatingMethodAccessorImpl.java:43)
	at java.lang.reflect.Method.invoke(Method.java:498)
	at org.apache.catalina.startup.Bootstrap.load(Bootstrap.java:253)
	at org.apache.catalina.startup.Bootstrap.main(Bootstrap.java:427)
Caused by: org.apache.catalina.LifecycleException: Protocol handler initialization failed
	at org.apache.catalina.connector.Connector.initInternal(Connector.java:980)
	at org.apache.catalina.util.LifecycleBase.init(LifecycleBase.java:102)
	... 12 more
Caused by: java.lang.Exception: Socket bind failed: [730048] ?????????×???(Э?é/???????/???)????í??
	at org.apache.tomcat.util.net.AprEndpoint.bind(AprEndpoint.java:481)
	at org.apache.tomcat.util.net.AbstractEndpoint.init(AbstractEndpoint.java:715)
	at org.apache.coyote.AbstractProtocol.init(AbstractProtocol.java:452)
	at org.apache.catalina.connector.Connector.initInternal(Connector.java:978)
	... 13 more

四月 13, 2019 2:28:30 下午 org.apache.catalina.startup.Catalina load
信息: Initialization processed in 1258 ms
四月 13, 2019 2:28:30 下午 org.apache.catalina.core.StandardService startInternal
信息: Starting service Catalina
四月 13, 2019 2:28:30 下午 org.apache.catalina.core.StandardEngine startInternal
信息: Starting Servlet Engine: Apache Tomcat/7.0.75
四月 13, 2019 2:28:30 下午 org.apache.catalina.startup.HostConfig deployDirectory
信息: Deploying web application directory D:\an_zhuang_bao\apache-tomcat-7.0.75-windows-x64\apache-tomcat-7.0.75\webapps\docs
四月 13, 2019 2:28:31 下午 org.apache.catalina.util.SessionIdGeneratorBase createSecureRandom
信息: Creation of SecureRandom instance for session ID generation using [SHA1PRNG] took [535] milliseconds.
四月 13, 2019 2:28:31 下午 org.apache.catalina.startup.HostConfig deployDirectory
信息: Deployment of web application directory D:\an_zhuang_bao\apache-tomcat-7.0.75-windows-x64\apache-tomcat-7.0.75\webapps\docs has finished in 798 ms
四月 13, 2019 2:28:31 下午 org.apache.catalina.startup.HostConfig deployDirectory
信息: Deploying web application directory D:\an_zhuang_bao\apache-tomcat-7.0.75-windows-x64\apache-tomcat-7.0.75\webapps\examples
四月 13, 2019 2:28:31 下午 org.apache.catalina.startup.HostConfig deployDirectory
信息: Deployment of web application directory D:\an_zhuang_bao\apache-tomcat-7.0.75-windows-x64\apache-tomcat-7.0.75\webapps\examples has finished in 338 ms
四月 13, 2019 2:28:31 下午 org.apache.catalina.startup.HostConfig deployDirectory
信息: Deploying web application directory D:\an_zhuang_bao\apache-tomcat-7.0.75-windows-x64\apache-tomcat-7.0.75\webapps\host-manager
四月 13, 2019 2:28:31 下午 org.apache.catalina.startup.HostConfig deployDirectory
信息: Deployment of web application directory D:\an_zhuang_bao\apache-tomcat-7.0.75-windows-x64\apache-tomcat-7.0.75\webapps\host-manager has finished in 88 ms
四月 13, 2019 2:28:31 下午 org.apache.catalina.startup.HostConfig deployDirectory
信息: Deploying web application directory D:\an_zhuang_bao\apache-tomcat-7.0.75-windows-x64\apache-tomcat-7.0.75\webapps\manager
四月 13, 2019 2:28:31 下午 org.apache.catalina.startup.HostConfig deployDirectory
信息: Deployment of web application directory D:\an_zhuang_bao\apache-tomcat-7.0.75-windows-x64\apache-tomcat-7.0.75\webapps\manager has finished in 66 ms
四月 13, 2019 2:28:31 下午 org.apache.catalina.startup.HostConfig deployDirectory
信息: Deploying web application directory D:\an_zhuang_bao\apache-tomcat-7.0.75-windows-x64\apache-tomcat-7.0.75\webapps\ROOT
四月 13, 2019 2:28:31 下午 org.apache.catalina.startup.HostConfig deployDirectory
信息: Deployment of web application directory D:\an_zhuang_bao\apache-tomcat-7.0.75-windows-x64\apache-tomcat-7.0.75\webapps\ROOT has finished in 55 ms
四月 13, 2019 2:28:31 下午 org.apache.catalina.startup.Catalina start
信息: Server startup in 1392 ms
四月 13, 2019 2:28:31 下午 org.apache.catalina.core.StandardServer await
严重: StandardServer.await: create[localhost:8005]: 
java.net.BindException: Address already in use: JVM_Bind
	at java.net.DualStackPlainSocketImpl.bind0(Native Method)
	at java.net.DualStackPlainSocketImpl.socketBind(DualStackPlainSocketImpl.java:106)
	at java.net.AbstractPlainSocketImpl.bind(AbstractPlainSocketImpl.java:387)
	at java.net.PlainSocketImpl.bind(PlainSocketImpl.java:190)
	at java.net.ServerSocket.bind(ServerSocket.java:375)
	at java.net.ServerSocket.<init>(ServerSocket.java:237)
	at org.apache.catalina.core.StandardServer.await(StandardServer.java:444)
	at org.apache.catalina.startup.Catalina.await(Catalina.java:781)
	at org.apache.catalina.startup.Catalina.start(Catalina.java:727)
	at sun.reflect.NativeMethodAccessorImpl.invoke0(Native Method)
	at sun.reflect.NativeMethodAccessorImpl.invoke(NativeMethodAccessorImpl.java:62)
	at sun.reflect.DelegatingMethodAccessorImpl.invoke(DelegatingMethodAccessorImpl.java:43)
	at java.lang.reflect.Method.invoke(Method.java:498)
	at org.apache.catalina.startup.Bootstrap.start(Bootstrap.java:294)
	at org.apache.catalina.startup.Bootstrap.main(Bootstrap.java:428)

四月 13, 2019 2:28:31 下午 org.apache.coyote.AbstractProtocol pause
信息: Pausing ProtocolHandler ["http-apr-8080"]
四月 13, 2019 2:28:31 下午 org.apache.coyote.AbstractProtocol pause
信息: Pausing ProtocolHandler ["ajp-apr-8009"]
四月 13, 2019 2:28:31 下午 org.apache.catalina.core.StandardService stopInternal
信息: Stopping service Catalina
四月 13, 2019 2:28:31 下午 org.apache.coyote.AbstractProtocol stop
信息: Stopping ProtocolHandler ["http-apr-8080"]
四月 13, 2019 2:28:31 下午 org.apache.coyote.AbstractProtocol destroy
信息: Destroying ProtocolHandler ["http-apr-8080"]
四月 13, 2019 2:28:31 下午 org.apache.coyote.AbstractProtocol stop
信息: Stopping ProtocolHandler ["ajp-apr-8009"]
四月 13, 2019 2:28:31 下午 org.apache.coyote.AbstractProtocol destroy
信息: Destroying ProtocolHandler ["ajp-apr-8009"]
四月 13, 2019 2:28:38 下午 org.apache.catalina.startup.VersionLoggerListener log
信息: Server version:        Apache Tomcat/7.0.75
四月 13, 2019 2:28:38 下午 org.apache.catalina.startup.VersionLoggerListener log
信息: Server built:          Jan 18 2017 20:54:42 UTC
四月 13, 2019 2:28:38 下午 org.apache.catalina.startup.VersionLoggerListener log
信息: Server number:         7.0.75.0
四月 13, 2019 2:28:38 下午 org.apache.catalina.startup.VersionLoggerListener log
信息: OS Name:               Windows 10
四月 13, 2019 2:28:38 下午 org.apache.catalina.startup.VersionLoggerListener log
信息: OS Version:            10.0
四月 13, 2019 2:28:38 下午 org.apache.catalina.startup.VersionLoggerListener log
信息: Architecture:          amd64
四月 13, 2019 2:28:38 下午 org.apache.catalina.startup.VersionLoggerListener log
信息: Java Home:             C:\Program Files\Java\jdk1.8.0_201\jre
四月 13, 2019 2:28:38 下午 org.apache.catalina.startup.VersionLoggerListener log
信息: JVM Version:           1.8.0_201-b09
四月 13, 2019 2:28:38 下午 org.apache.catalina.startup.VersionLoggerListener log
信息: JVM Vendor:            Oracle Corporation
四月 13, 2019 2:28:38 下午 org.apache.catalina.startup.VersionLoggerListener log
信息: CATALINA_BASE:         D:\an_zhuang_bao\apache-tomcat-7.0.75-windows-x64\apache-tomcat-7.0.75
四月 13, 2019 2:28:38 下午 org.apache.catalina.startup.VersionLoggerListener log
信息: CATALINA_HOME:         D:\an_zhuang_bao\apache-tomcat-7.0.75-windows-x64\apache-tomcat-7.0.75
四月 13, 2019 2:28:38 下午 org.apache.catalina.startup.VersionLoggerListener log
信息: Command line argument: -Djava.util.logging.config.file=D:\an_zhuang_bao\apache-tomcat-7.0.75-windows-x64\apache-tomcat-7.0.75\conf\logging.properties
四月 13, 2019 2:28:38 下午 org.apache.catalina.startup.VersionLoggerListener log
信息: Command line argument: -Djava.util.logging.manager=org.apache.juli.ClassLoaderLogManager
四月 13, 2019 2:28:38 下午 org.apache.catalina.startup.VersionLoggerListener log
信息: Command line argument: -Djdk.tls.ephemeralDHKeySize=2048
四月 13, 2019 2:28:38 下午 org.apache.catalina.startup.VersionLoggerListener log
信息: Command line argument: -Djava.endorsed.dirs=D:\an_zhuang_bao\apache-tomcat-7.0.75-windows-x64\apache-tomcat-7.0.75\endorsed
四月 13, 2019 2:28:38 下午 org.apache.catalina.startup.VersionLoggerListener log
信息: Command line argument: -Dcatalina.base=D:\an_zhuang_bao\apache-tomcat-7.0.75-windows-x64\apache-tomcat-7.0.75
四月 13, 2019 2:28:38 下午 org.apache.catalina.startup.VersionLoggerListener log
信息: Command line argument: -Dcatalina.home=D:\an_zhuang_bao\apache-tomcat-7.0.75-windows-x64\apache-tomcat-7.0.75
四月 13, 2019 2:28:38 下午 org.apache.catalina.startup.VersionLoggerListener log
信息: Command line argument: -Djava.io.tmpdir=D:\an_zhuang_bao\apache-tomcat-7.0.75-windows-x64\apache-tomcat-7.0.75\temp
四月 13, 2019 2:28:38 下午 org.apache.catalina.core.AprLifecycleListener lifecycleEvent
信息: Loaded APR based Apache Tomcat Native library 1.2.10 using APR version 1.5.2.
四月 13, 2019 2:28:38 下午 org.apache.catalina.core.AprLifecycleListener lifecycleEvent
信息: APR capabilities: IPv6 [true], sendfile [true], accept filters [false], random [true].
四月 13, 2019 2:28:38 下午 org.apache.catalina.core.AprLifecycleListener initializeSSL
信息: OpenSSL successfully initialized (OpenSSL 1.0.2j  26 Sep 2016)
四月 13, 2019 2:28:38 下午 org.apache.coyote.AbstractProtocol init
信息: Initializing ProtocolHandler ["http-apr-8080"]
四月 13, 2019 2:28:38 下午 org.apache.coyote.AbstractProtocol init
严重: Failed to initialize end point associated with ProtocolHandler ["http-apr-8080"]
java.lang.Exception: Socket bind failed: [730048] ?????????×???(Э?é/???????/???)????í??
	at org.apache.tomcat.util.net.AprEndpoint.bind(AprEndpoint.java:481)
	at org.apache.tomcat.util.net.AbstractEndpoint.init(AbstractEndpoint.java:715)
	at org.apache.coyote.AbstractProtocol.init(AbstractProtocol.java:452)
	at org.apache.catalina.connector.Connector.initInternal(Connector.java:978)
	at org.apache.catalina.util.LifecycleBase.init(LifecycleBase.java:102)
	at org.apache.catalina.core.StandardService.initInternal(StandardService.java:560)
	at org.apache.catalina.util.LifecycleBase.init(LifecycleBase.java:102)
	at org.apache.catalina.core.StandardServer.initInternal(StandardServer.java:840)
	at org.apache.catalina.util.LifecycleBase.init(LifecycleBase.java:102)
	at org.apache.catalina.startup.Catalina.load(Catalina.java:642)
	at org.apache.catalina.startup.Catalina.load(Catalina.java:667)
	at sun.reflect.NativeMethodAccessorImpl.invoke0(Native Method)
	at sun.reflect.NativeMethodAccessorImpl.invoke(NativeMethodAccessorImpl.java:62)
	at sun.reflect.DelegatingMethodAccessorImpl.invoke(DelegatingMethodAccessorImpl.java:43)
	at java.lang.reflect.Method.invoke(Method.java:498)
	at org.apache.catalina.startup.Bootstrap.load(Bootstrap.java:253)
	at org.apache.catalina.startup.Bootstrap.main(Bootstrap.java:427)

四月 13, 2019 2:28:38 下午 org.apache.catalina.core.StandardService initInternal
严重: Failed to initialize connector [Connector[HTTP/1.1-8080]]
org.apache.catalina.LifecycleException: Failed to initialize component [Connector[HTTP/1.1-8080]]
	at org.apache.catalina.util.LifecycleBase.init(LifecycleBase.java:107)
	at org.apache.catalina.core.StandardService.initInternal(StandardService.java:560)
	at org.apache.catalina.util.LifecycleBase.init(LifecycleBase.java:102)
	at org.apache.catalina.core.StandardServer.initInternal(StandardServer.java:840)
	at org.apache.catalina.util.LifecycleBase.init(LifecycleBase.java:102)
	at org.apache.catalina.startup.Catalina.load(Catalina.java:642)
	at org.apache.catalina.startup.Catalina.load(Catalina.java:667)
	at sun.reflect.NativeMethodAccessorImpl.invoke0(Native Method)
	at sun.reflect.NativeMethodAccessorImpl.invoke(NativeMethodAccessorImpl.java:62)
	at sun.reflect.DelegatingMethodAccessorImpl.invoke(DelegatingMethodAccessorImpl.java:43)
	at java.lang.reflect.Method.invoke(Method.java:498)
	at org.apache.catalina.startup.Bootstrap.load(Bootstrap.java:253)
	at org.apache.catalina.startup.Bootstrap.main(Bootstrap.java:427)
Caused by: org.apache.catalina.LifecycleException: Protocol handler initialization failed
	at org.apache.catalina.connector.Connector.initInternal(Connector.java:980)
	at org.apache.catalina.util.LifecycleBase.init(LifecycleBase.java:102)
	... 12 more
Caused by: java.lang.Exception: Socket bind failed: [730048] ?????????×???(Э?é/???????/???)????í??
	at org.apache.tomcat.util.net.AprEndpoint.bind(AprEndpoint.java:481)
	at org.apache.tomcat.util.net.AbstractEndpoint.init(AbstractEndpoint.java:715)
	at org.apache.coyote.AbstractProtocol.init(AbstractProtocol.java:452)
	at org.apache.catalina.connector.Connector.initInternal(Connector.java:978)
	... 13 more

四月 13, 2019 2:28:38 下午 org.apache.coyote.AbstractProtocol init
信息: Initializing ProtocolHandler ["ajp-apr-8009"]
四月 13, 2019 2:28:38 下午 org.apache.coyote.AbstractProtocol init
严重: Failed to initialize end point associated with ProtocolHandler ["ajp-apr-8009"]
java.lang.Exception: Socket bind failed: [730048] ?????????×???(Э?é/???????/???)????í??
	at org.apache.tomcat.util.net.AprEndpoint.bind(AprEndpoint.java:481)
	at org.apache.tomcat.util.net.AbstractEndpoint.init(AbstractEndpoint.java:715)
	at org.apache.coyote.AbstractProtocol.init(AbstractProtocol.java:452)
	at org.apache.catalina.connector.Connector.initInternal(Connector.java:978)
	at org.apache.catalina.util.LifecycleBase.init(LifecycleBase.java:102)
	at org.apache.catalina.core.StandardService.initInternal(StandardService.java:560)
	at org.apache.catalina.util.LifecycleBase.init(LifecycleBase.java:102)
	at org.apache.catalina.core.StandardServer.initInternal(StandardServer.java:840)
	at org.apache.catalina.util.LifecycleBase.init(LifecycleBase.java:102)
	at org.apache.catalina.startup.Catalina.load(Catalina.java:642)
	at org.apache.catalina.startup.Catalina.load(Catalina.java:667)
	at sun.reflect.NativeMethodAccessorImpl.invoke0(Native Method)
	at sun.reflect.NativeMethodAccessorImpl.invoke(NativeMethodAccessorImpl.java:62)
	at sun.reflect.DelegatingMethodAccessorImpl.invoke(DelegatingMethodAccessorImpl.java:43)
	at java.lang.reflect.Method.invoke(Method.java:498)
	at org.apache.catalina.startup.Bootstrap.load(Bootstrap.java:253)
	at org.apache.catalina.startup.Bootstrap.main(Bootstrap.java:427)

四月 13, 2019 2:28:38 下午 org.apache.catalina.core.StandardService initInternal
严重: Failed to initialize connector [Connector[AJP/1.3-8009]]
org.apache.catalina.LifecycleException: Failed to initialize component [Connector[AJP/1.3-8009]]
	at org.apache.catalina.util.LifecycleBase.init(LifecycleBase.java:107)
	at org.apache.catalina.core.StandardService.initInternal(StandardService.java:560)
	at org.apache.catalina.util.LifecycleBase.init(LifecycleBase.java:102)
	at org.apache.catalina.core.StandardServer.initInternal(StandardServer.java:840)
	at org.apache.catalina.util.LifecycleBase.init(LifecycleBase.java:102)
	at org.apache.catalina.startup.Catalina.load(Catalina.java:642)
	at org.apache.catalina.startup.Catalina.load(Catalina.java:667)
	at sun.reflect.NativeMethodAccessorImpl.invoke0(Native Method)
	at sun.reflect.NativeMethodAccessorImpl.invoke(NativeMethodAccessorImpl.java:62)
	at sun.reflect.DelegatingMethodAccessorImpl.invoke(DelegatingMethodAccessorImpl.java:43)
	at java.lang.reflect.Method.invoke(Method.java:498)
	at org.apache.catalina.startup.Bootstrap.load(Bootstrap.java:253)
	at org.apache.catalina.startup.Bootstrap.main(Bootstrap.java:427)
Caused by: org.apache.catalina.LifecycleException: Protocol handler initialization failed
	at org.apache.catalina.connector.Connector.initInternal(Connector.java:980)
	at org.apache.catalina.util.LifecycleBase.init(LifecycleBase.java:102)
	... 12 more
Caused by: java.lang.Exception: Socket bind failed: [730048] ?????????×???(Э?é/???????/???)????í??
	at org.apache.tomcat.util.net.AprEndpoint.bind(AprEndpoint.java:481)
	at org.apache.tomcat.util.net.AbstractEndpoint.init(AbstractEndpoint.java:715)
	at org.apache.coyote.AbstractProtocol.init(AbstractProtocol.java:452)
	at org.apache.catalina.connector.Connector.initInternal(Connector.java:978)
	... 13 more

四月 13, 2019 2:28:38 下午 org.apache.catalina.startup.Catalina load
信息: Initialization processed in 1149 ms
四月 13, 2019 2:28:38 下午 org.apache.catalina.core.StandardService startInternal
信息: Starting service Catalina
四月 13, 2019 2:28:38 下午 org.apache.catalina.core.StandardEngine startInternal
信息: Starting Servlet Engine: Apache Tomcat/7.0.75
四月 13, 2019 2:28:38 下午 org.apache.catalina.startup.HostConfig deployDirectory
信息: Deploying web application directory D:\an_zhuang_bao\apache-tomcat-7.0.75-windows-x64\apache-tomcat-7.0.75\webapps\docs
四月 13, 2019 2:28:39 下午 org.apache.catalina.util.SessionIdGeneratorBase createSecureRandom
信息: Creation of SecureRandom instance for session ID generation using [SHA1PRNG] took [540] milliseconds.
四月 13, 2019 2:28:39 下午 org.apache.catalina.startup.HostConfig deployDirectory
信息: Deployment of web application directory D:\an_zhuang_bao\apache-tomcat-7.0.75-windows-x64\apache-tomcat-7.0.75\webapps\docs has finished in 813 ms
四月 13, 2019 2:28:39 下午 org.apache.catalina.startup.HostConfig deployDirectory
信息: Deploying web application directory D:\an_zhuang_bao\apache-tomcat-7.0.75-windows-x64\apache-tomcat-7.0.75\webapps\examples
四月 13, 2019 2:28:40 下午 org.apache.catalina.startup.HostConfig deployDirectory
信息: Deployment of web application directory D:\an_zhuang_bao\apache-tomcat-7.0.75-windows-x64\apache-tomcat-7.0.75\webapps\examples has finished in 327 ms
四月 13, 2019 2:28:40 下午 org.apache.catalina.startup.HostConfig deployDirectory
信息: Deploying web application directory D:\an_zhuang_bao\apache-tomcat-7.0.75-windows-x64\apache-tomcat-7.0.75\webapps\host-manager
四月 13, 2019 2:28:40 下午 org.apache.catalina.startup.HostConfig deployDirectory
信息: Deployment of web application directory D:\an_zhuang_bao\apache-tomcat-7.0.75-windows-x64\apache-tomcat-7.0.75\webapps\host-manager has finished in 77 ms
四月 13, 2019 2:28:40 下午 org.apache.catalina.startup.HostConfig deployDirectory
信息: Deploying web application directory D:\an_zhuang_bao\apache-tomcat-7.0.75-windows-x64\apache-tomcat-7.0.75\webapps\manager
四月 13, 2019 2:28:40 下午 org.apache.catalina.startup.HostConfig deployDirectory
信息: Deployment of web application directory D:\an_zhuang_bao\apache-tomcat-7.0.75-windows-x64\apache-tomcat-7.0.75\webapps\manager has finished in 80 ms
四月 13, 2019 2:28:40 下午 org.apache.catalina.startup.HostConfig deployDirectory
信息: Deploying web application directory D:\an_zhuang_bao\apache-tomcat-7.0.75-windows-x64\apache-tomcat-7.0.75\webapps\ROOT
四月 13, 2019 2:28:40 下午 org.apache.catalina.startup.HostConfig deployDirectory
信息: Deployment of web application directory D:\an_zhuang_bao\apache-tomcat-7.0.75-windows-x64\apache-tomcat-7.0.75\webapps\ROOT has finished in 64 ms
四月 13, 2019 2:28:40 下午 org.apache.catalina.startup.Catalina start
信息: Server startup in 1425 ms
四月 13, 2019 2:28:40 下午 org.apache.catalina.core.StandardServer await
严重: StandardServer.await: create[localhost:8005]: 
java.net.BindException: Address already in use: JVM_Bind
	at java.net.DualStackPlainSocketImpl.bind0(Native Method)
	at java.net.DualStackPlainSocketImpl.socketBind(DualStackPlainSocketImpl.java:106)
	at java.net.AbstractPlainSocketImpl.bind(AbstractPlainSocketImpl.java:387)
	at java.net.PlainSocketImpl.bind(PlainSocketImpl.java:190)
	at java.net.ServerSocket.bind(ServerSocket.java:375)
	at java.net.ServerSocket.<init>(ServerSocket.java:237)
	at org.apache.catalina.core.StandardServer.await(StandardServer.java:444)
	at org.apache.catalina.startup.Catalina.await(Catalina.java:781)
	at org.apache.catalina.startup.Catalina.start(Catalina.java:727)
	at sun.reflect.NativeMethodAccessorImpl.invoke0(Native Method)
	at sun.reflect.NativeMethodAccessorImpl.invoke(NativeMethodAccessorImpl.java:62)
	at sun.reflect.DelegatingMethodAccessorImpl.invoke(DelegatingMethodAccessorImpl.java:43)
	at java.lang.reflect.Method.invoke(Method.java:498)
	at org.apache.catalina.startup.Bootstrap.start(Bootstrap.java:294)
	at org.apache.catalina.startup.Bootstrap.main(Bootstrap.java:428)

四月 13, 2019 2:28:40 下午 org.apache.coyote.AbstractProtocol pause
信息: Pausing ProtocolHandler ["http-apr-8080"]
四月 13, 2019 2:28:40 下午 org.apache.coyote.AbstractProtocol pause
信息: Pausing ProtocolHandler ["ajp-apr-8009"]
四月 13, 2019 2:28:40 下午 org.apache.catalina.core.StandardService stopInternal
信息: Stopping service Catalina
四月 13, 2019 2:28:40 下午 org.apache.coyote.AbstractProtocol stop
信息: Stopping ProtocolHandler ["http-apr-8080"]
四月 13, 2019 2:28:40 下午 org.apache.coyote.AbstractProtocol destroy
信息: Destroying ProtocolHandler ["http-apr-8080"]
四月 13, 2019 2:28:40 下午 org.apache.coyote.AbstractProtocol stop
信息: Stopping ProtocolHandler ["ajp-apr-8009"]
四月 13, 2019 2:28:40 下午 org.apache.coyote.AbstractProtocol destroy
信息: Destroying ProtocolHandler ["ajp-apr-8009"]
四月 13, 2019 2:30:21 下午 org.apache.catalina.core.StandardServer await
警告: StandardServer.await: Invalid command '' received
四月 13, 2019 2:30:30 下午 org.apache.catalina.core.StandardServer await
警告: StandardServer.await: Invalid command '' received
四月 13, 2019 2:33:12 下午 org.apache.catalina.startup.VersionLoggerListener log
信息: Server version:        Apache Tomcat/7.0.75
四月 13, 2019 2:33:12 下午 org.apache.catalina.startup.VersionLoggerListener log
信息: Server built:          Jan 18 2017 20:54:42 UTC
四月 13, 2019 2:33:12 下午 org.apache.catalina.startup.VersionLoggerListener log
信息: Server number:         7.0.75.0
四月 13, 2019 2:33:12 下午 org.apache.catalina.startup.VersionLoggerListener log
信息: OS Name:               Windows 10
四月 13, 2019 2:33:12 下午 org.apache.catalina.startup.VersionLoggerListener log
信息: OS Version:            10.0
四月 13, 2019 2:33:12 下午 org.apache.catalina.startup.VersionLoggerListener log
信息: Architecture:          amd64
四月 13, 2019 2:33:12 下午 org.apache.catalina.startup.VersionLoggerListener log
信息: Java Home:             C:\Program Files\Java\jdk1.8.0_201\jre
四月 13, 2019 2:33:12 下午 org.apache.catalina.startup.VersionLoggerListener log
信息: JVM Version:           1.8.0_201-b09
四月 13, 2019 2:33:12 下午 org.apache.catalina.startup.VersionLoggerListener log
信息: JVM Vendor:            Oracle Corporation
四月 13, 2019 2:33:12 下午 org.apache.catalina.startup.VersionLoggerListener log
信息: CATALINA_BASE:         D:\an_zhuang_bao\apache-tomcat-7.0.75-windows-x64\apache-tomcat-7.0.75
四月 13, 2019 2:33:12 下午 org.apache.catalina.startup.VersionLoggerListener log
信息: CATALINA_HOME:         D:\an_zhuang_bao\apache-tomcat-7.0.75-windows-x64\apache-tomcat-7.0.75
四月 13, 2019 2:33:12 下午 org.apache.catalina.startup.VersionLoggerListener log
信息: Command line argument: -Djava.util.logging.config.file=D:\an_zhuang_bao\apache-tomcat-7.0.75-windows-x64\apache-tomcat-7.0.75\conf\logging.properties
四月 13, 2019 2:33:12 下午 org.apache.catalina.startup.VersionLoggerListener log
信息: Command line argument: -Djava.util.logging.manager=org.apache.juli.ClassLoaderLogManager
四月 13, 2019 2:33:12 下午 org.apache.catalina.startup.VersionLoggerListener log
信息: Command line argument: -Djdk.tls.ephemeralDHKeySize=2048
四月 13, 2019 2:33:12 下午 org.apache.catalina.startup.VersionLoggerListener log
信息: Command line argument: -Djava.endorsed.dirs=D:\an_zhuang_bao\apache-tomcat-7.0.75-windows-x64\apache-tomcat-7.0.75\endorsed
四月 13, 2019 2:33:12 下午 org.apache.catalina.startup.VersionLoggerListener log
信息: Command line argument: -Dcatalina.base=D:\an_zhuang_bao\apache-tomcat-7.0.75-windows-x64\apache-tomcat-7.0.75
四月 13, 2019 2:33:12 下午 org.apache.catalina.startup.VersionLoggerListener log
信息: Command line argument: -Dcatalina.home=D:\an_zhuang_bao\apache-tomcat-7.0.75-windows-x64\apache-tomcat-7.0.75
四月 13, 2019 2:33:12 下午 org.apache.catalina.startup.VersionLoggerListener log
信息: Command line argument: -Djava.io.tmpdir=D:\an_zhuang_bao\apache-tomcat-7.0.75-windows-x64\apache-tomcat-7.0.75\temp
四月 13, 2019 2:33:12 下午 org.apache.catalina.core.AprLifecycleListener lifecycleEvent
信息: Loaded APR based Apache Tomcat Native library 1.2.10 using APR version 1.5.2.
四月 13, 2019 2:33:12 下午 org.apache.catalina.core.AprLifecycleListener lifecycleEvent
信息: APR capabilities: IPv6 [true], sendfile [true], accept filters [false], random [true].
四月 13, 2019 2:33:13 下午 org.apache.catalina.core.AprLifecycleListener initializeSSL
信息: OpenSSL successfully initialized (OpenSSL 1.0.2j  26 Sep 2016)
四月 13, 2019 2:33:13 下午 org.apache.coyote.AbstractProtocol init
信息: Initializing ProtocolHandler ["http-apr-8080"]
四月 13, 2019 2:33:13 下午 org.apache.coyote.AbstractProtocol init
信息: Initializing ProtocolHandler ["ajp-apr-8009"]
四月 13, 2019 2:33:13 下午 org.apache.catalina.startup.Catalina load
信息: Initialization processed in 1305 ms
四月 13, 2019 2:33:13 下午 org.apache.catalina.core.StandardService startInternal
信息: Starting service Catalina
四月 13, 2019 2:33:13 下午 org.apache.catalina.core.StandardEngine startInternal
信息: Starting Servlet Engine: Apache Tomcat/7.0.75
四月 13, 2019 2:33:13 下午 org.apache.catalina.startup.HostConfig deployDirectory
信息: Deploying web application directory D:\an_zhuang_bao\apache-tomcat-7.0.75-windows-x64\apache-tomcat-7.0.75\webapps\docs
四月 13, 2019 2:33:14 下午 org.apache.catalina.util.SessionIdGeneratorBase createSecureRandom
信息: Creation of SecureRandom instance for session ID generation using [SHA1PRNG] took [390] milliseconds.
四月 13, 2019 2:33:14 下午 org.apache.catalina.startup.HostConfig deployDirectory
信息: Deployment of web application directory D:\an_zhuang_bao\apache-tomcat-7.0.75-windows-x64\apache-tomcat-7.0.75\webapps\docs has finished in 672 ms
四月 13, 2019 2:33:14 下午 org.apache.catalina.startup.HostConfig deployDirectory
信息: Deploying web application directory D:\an_zhuang_bao\apache-tomcat-7.0.75-windows-x64\apache-tomcat-7.0.75\webapps\examples
四月 13, 2019 2:33:14 下午 org.apache.catalina.startup.HostConfig deployDirectory
信息: Deployment of web application directory D:\an_zhuang_bao\apache-tomcat-7.0.75-windows-x64\apache-tomcat-7.0.75\webapps\examples has finished in 343 ms
四月 13, 2019 2:33:14 下午 org.apache.catalina.startup.HostConfig deployDirectory
信息: Deploying web application directory D:\an_zhuang_bao\apache-tomcat-7.0.75-windows-x64\apache-tomcat-7.0.75\webapps\host-manager
四月 13, 2019 2:33:14 下午 org.apache.catalina.startup.HostConfig deployDirectory
信息: Deployment of web application directory D:\an_zhuang_bao\apache-tomcat-7.0.75-windows-x64\apache-tomcat-7.0.75\webapps\host-manager has finished in 78 ms
四月 13, 2019 2:33:14 下午 org.apache.catalina.startup.HostConfig deployDirectory
信息: Deploying web application directory D:\an_zhuang_bao\apache-tomcat-7.0.75-windows-x64\apache-tomcat-7.0.75\webapps\manager
四月 13, 2019 2:33:14 下午 org.apache.catalina.startup.HostConfig deployDirectory
信息: Deployment of web application directory D:\an_zhuang_bao\apache-tomcat-7.0.75-windows-x64\apache-tomcat-7.0.75\webapps\manager has finished in 94 ms
四月 13, 2019 2:33:14 下午 org.apache.catalina.startup.HostConfig deployDirectory
信息: Deploying web application directory D:\an_zhuang_bao\apache-tomcat-7.0.75-windows-x64\apache-tomcat-7.0.75\webapps\ROOT
四月 13, 2019 2:33:14 下午 org.apache.catalina.startup.HostConfig deployDirectory
信息: Deployment of web application directory D:\an_zhuang_bao\apache-tomcat-7.0.75-windows-x64\apache-tomcat-7.0.75\webapps\ROOT has finished in 63 ms
四月 13, 2019 2:33:14 下午 org.apache.coyote.AbstractProtocol start
信息: Starting ProtocolHandler ["http-apr-8080"]
四月 13, 2019 2:33:14 下午 org.apache.coyote.AbstractProtocol start
信息: Starting ProtocolHandler ["ajp-apr-8009"]
四月 13, 2019 2:33:14 下午 org.apache.catalina.startup.Catalina start
信息: Server startup in 1380 ms
四月 13, 2019 2:40:49 下午 org.apache.catalina.core.StandardServer await
警告: StandardServer.await: Invalid command '' received
四月 13, 2019 2:40:50 下午 org.apache.coyote.http11.AbstractHttp11Processor process
信息: Error parsing HTTP request header
 Note: further occurrences of HTTP header parsing errors will be logged at DEBUG level.
java.lang.IllegalArgumentException: Invalid character found in method name. HTTP method names must be tokens
	at org.apache.coyote.http11.InternalAprInputBuffer.parseRequestLine(InternalAprInputBuffer.java:182)
	at org.apache.coyote.http11.AbstractHttp11Processor.process(AbstractHttp11Processor.java:1000)
	at org.apache.coyote.AbstractProtocol$AbstractConnectionHandler.process(AbstractProtocol.java:637)
	at org.apache.tomcat.util.net.AprEndpoint$SocketProcessor.doRun(AprEndpoint.java:2536)
	at org.apache.tomcat.util.net.AprEndpoint$SocketProcessor.run(AprEndpoint.java:2525)
	at java.util.concurrent.ThreadPoolExecutor.runWorker(ThreadPoolExecutor.java:1149)
	at java.util.concurrent.ThreadPoolExecutor$Worker.run(ThreadPoolExecutor.java:624)
	at org.apache.tomcat.util.threads.TaskThread$WrappingRunnable.run(TaskThread.java:61)
	at java.lang.Thread.run(Thread.java:748)

四月 13, 2019 2:43:18 下午 org.apache.catalina.core.StandardServer await
警告: StandardServer.await: Invalid command '' received
四月 13, 2019 2:45:21 下午 org.apache.catalina.core.StandardServer await
警告: StandardServer.await: Invalid command '' received
四月 13, 2019 2:46:41 下午 org.apache.catalina.core.StandardServer await
警告: StandardServer.await: Invalid command '' received
四月 13, 2019 2:49:35 下午 org.apache.catalina.core.StandardServer await
警告: StandardServer.await: Invalid command '' received
