四月 13, 2019 1:57:24 下午 org.apache.catalina.startup.VersionLoggerListener log
信息: Server version:        Apache Tomcat/7.0.75
四月 13, 2019 1:57:24 下午 org.apache.catalina.startup.VersionLoggerListener log
信息: Server built:          Jan 18 2017 20:54:42 UTC
四月 13, 2019 1:57:24 下午 org.apache.catalina.startup.VersionLoggerListener log
信息: Server number:         7.0.75.0
四月 13, 2019 1:57:24 下午 org.apache.catalina.startup.VersionLoggerListener log
信息: OS Name:               Windows 10
四月 13, 2019 1:57:24 下午 org.apache.catalina.startup.VersionLoggerListener log
信息: OS Version:            10.0
四月 13, 2019 1:57:24 下午 org.apache.catalina.startup.VersionLoggerListener log
信息: Architecture:          amd64
四月 13, 2019 1:57:24 下午 org.apache.catalina.startup.VersionLoggerListener log
信息: Java Home:             C:\Program Files\Java\jdk1.8.0_201\jre
四月 13, 2019 1:57:24 下午 org.apache.catalina.startup.VersionLoggerListener log
信息: JVM Version:           1.8.0_201-b09
四月 13, 2019 1:57:24 下午 org.apache.catalina.startup.VersionLoggerListener log
信息: JVM Vendor:            Oracle Corporation
四月 13, 2019 1:57:24 下午 org.apache.catalina.startup.VersionLoggerListener log
信息: CATALINA_BASE:         D:/an_zhuang_bao/apache-tomcat-7.0.75-windows-x64/apache-tomcat-7.0.75
四月 13, 2019 1:57:24 下午 org.apache.catalina.startup.VersionLoggerListener log
信息: CATALINA_HOME:         D:/an_zhuang_bao/apache-tomcat-7.0.75-windows-x64/apache-tomcat-7.0.75
四月 13, 2019 1:57:24 下午 org.apache.catalina.startup.VersionLoggerListener log
信息: Command line argument: -Djava.util.logging.config.file=D:/an_zhuang_bao/apache-tomcat-7.0.75-windows-x64/apache-tomcat-7.0.75/conf/logging.properties
四月 13, 2019 1:57:24 下午 org.apache.catalina.startup.VersionLoggerListener log
信息: Command line argument: -Djava.util.logging.manager=org.apache.juli.ClassLoaderLogManager
四月 13, 2019 1:57:24 下午 org.apache.catalina.startup.VersionLoggerListener log
信息: Command line argument: -Djdk.tls.ephemeralDHKeySize=2048
四月 13, 2019 1:57:24 下午 org.apache.catalina.startup.VersionLoggerListener log
信息: Command line argument: -Djava.endorsed.dirs=D:/an_zhuang_bao/apache-tomcat-7.0.75-windows-x64/apache-tomcat-7.0.75/endorsed
四月 13, 2019 1:57:24 下午 org.apache.catalina.startup.VersionLoggerListener log
信息: Command line argument: -Dcatalina.base=D:/an_zhuang_bao/apache-tomcat-7.0.75-windows-x64/apache-tomcat-7.0.75
四月 13, 2019 1:57:24 下午 org.apache.catalina.startup.VersionLoggerListener log
信息: Command line argument: -Dcatalina.home=D:/an_zhuang_bao/apache-tomcat-7.0.75-windows-x64/apache-tomcat-7.0.75
四月 13, 2019 1:57:24 下午 org.apache.catalina.startup.VersionLoggerListener log
信息: Command line argument: -Djava.io.tmpdir=D:/an_zhuang_bao/apache-tomcat-7.0.75-windows-x64/apache-tomcat-7.0.75/temp
四月 13, 2019 1:57:24 下午 org.apache.catalina.core.AprLifecycleListener lifecycleEvent
信息: Loaded APR based Apache Tomcat Native library 1.2.10 using APR version 1.5.2.
四月 13, 2019 1:57:24 下午 org.apache.catalina.core.AprLifecycleListener lifecycleEvent
信息: APR capabilities: IPv6 [true], sendfile [true], accept filters [false], random [true].
四月 13, 2019 1:57:25 下午 org.apache.catalina.core.AprLifecycleListener initializeSSL
信息: OpenSSL successfully initialized (OpenSSL 1.0.2j  26 Sep 2016)
四月 13, 2019 1:57:25 下午 org.apache.coyote.AbstractProtocol init
信息: Initializing ProtocolHandler ["http-apr-8080"]
四月 13, 2019 1:57:25 下午 org.apache.coyote.AbstractProtocol init
信息: Initializing ProtocolHandler ["ajp-apr-8009"]
四月 13, 2019 1:57:25 下午 org.apache.catalina.startup.Catalina load
信息: Initialization processed in 1401 ms
四月 13, 2019 1:57:25 下午 org.apache.catalina.core.StandardService startInternal
信息: Starting service Catalina
四月 13, 2019 1:57:25 下午 org.apache.catalina.core.StandardEngine startInternal
信息: Starting Servlet Engine: Apache Tomcat/7.0.75
四月 13, 2019 1:57:25 下午 org.apache.catalina.startup.HostConfig deployDirectory
信息: Deploying web application directory D:\an_zhuang_bao\apache-tomcat-7.0.75-windows-x64\apache-tomcat-7.0.75\webapps\docs
四月 13, 2019 1:57:26 下午 org.apache.catalina.util.SessionIdGeneratorBase createSecureRandom
信息: Creation of SecureRandom instance for session ID generation using [SHA1PRNG] took [642] milliseconds.
四月 13, 2019 1:57:26 下午 org.apache.catalina.startup.HostConfig deployDirectory
信息: Deployment of web application directory D:\an_zhuang_bao\apache-tomcat-7.0.75-windows-x64\apache-tomcat-7.0.75\webapps\docs has finished in 941 ms
四月 13, 2019 1:57:26 下午 org.apache.catalina.startup.HostConfig deployDirectory
信息: Deploying web application directory D:\an_zhuang_bao\apache-tomcat-7.0.75-windows-x64\apache-tomcat-7.0.75\webapps\examples
四月 13, 2019 1:57:26 下午 org.apache.catalina.startup.HostConfig deployDirectory
信息: Deployment of web application directory D:\an_zhuang_bao\apache-tomcat-7.0.75-windows-x64\apache-tomcat-7.0.75\webapps\examples has finished in 325 ms
四月 13, 2019 1:57:26 下午 org.apache.catalina.startup.HostConfig deployDirectory
信息: Deploying web application directory D:\an_zhuang_bao\apache-tomcat-7.0.75-windows-x64\apache-tomcat-7.0.75\webapps\host-manager
四月 13, 2019 1:57:26 下午 org.apache.catalina.startup.HostConfig deployDirectory
信息: Deployment of web application directory D:\an_zhuang_bao\apache-tomcat-7.0.75-windows-x64\apache-tomcat-7.0.75\webapps\host-manager has finished in 71 ms
四月 13, 2019 1:57:26 下午 org.apache.catalina.startup.HostConfig deployDirectory
信息: Deploying web application directory D:\an_zhuang_bao\apache-tomcat-7.0.75-windows-x64\apache-tomcat-7.0.75\webapps\manager
四月 13, 2019 1:57:27 下午 org.apache.catalina.startup.HostConfig deployDirectory
信息: Deployment of web application directory D:\an_zhuang_bao\apache-tomcat-7.0.75-windows-x64\apache-tomcat-7.0.75\webapps\manager has finished in 70 ms
四月 13, 2019 1:57:27 下午 org.apache.catalina.startup.HostConfig deployDirectory
信息: Deploying web application directory D:\an_zhuang_bao\apache-tomcat-7.0.75-windows-x64\apache-tomcat-7.0.75\webapps\ROOT
四月 13, 2019 1:57:27 下午 org.apache.catalina.startup.HostConfig deployDirectory
信息: Deployment of web application directory D:\an_zhuang_bao\apache-tomcat-7.0.75-windows-x64\apache-tomcat-7.0.75\webapps\ROOT has finished in 47 ms
四月 13, 2019 1:57:27 下午 org.apache.coyote.AbstractProtocol start
信息: Starting ProtocolHandler ["http-apr-8080"]
四月 13, 2019 1:57:27 下午 org.apache.coyote.AbstractProtocol start
信息: Starting ProtocolHandler ["ajp-apr-8009"]
四月 13, 2019 1:57:27 下午 org.apache.catalina.startup.Catalina start
信息: Server startup in 1586 ms
四月 13, 2019 2:12:06 下午 org.apache.catalina.core.StandardServer await
警告: StandardServer.await: Invalid command '' received
四月 13, 2019 2:14:02 下午 org.apache.catalina.core.StandardServer await
警告: StandardServer.await: Invalid command '' received
四月 13, 2019 2:18:37 下午 org.apache.catalina.core.StandardServer await
警告: StandardServer.await: Invalid command '' received
四月 13, 2019 2:21:38 下午 org.apache.catalina.core.StandardServer await
警告: StandardServer.await: Invalid command '' received
四月 13, 2019 2:21:49 下午 org.apache.catalina.core.StandardServer await
警告: StandardServer.await: Invalid command '' received
四月 13, 2019 2:24:02 下午 org.apache.catalina.core.StandardServer await
警告: StandardServer.await: Invalid command '' received
四月 13, 2019 2:30:21 下午 org.apache.catalina.core.StandardServer await
警告: StandardServer.await: Invalid command '' received
四月 13, 2019 2:30:30 下午 org.apache.catalina.core.StandardServer await
警告: StandardServer.await: Invalid command '' received
