四月 13, 2019 1:57:26 下午 org.apache.catalina.core.ApplicationContext log
信息: ContextListener: contextInitialized()
四月 13, 2019 1:57:26 下午 org.apache.catalina.core.ApplicationContext log
信息: SessionListener: contextInitialized()
四月 13, 2019 1:57:26 下午 org.apache.catalina.core.ApplicationContext log
信息: ContextListener: attributeAdded('org.apache.jasper.compiler.TldLocationsCache', 'org.apache.jasper.compiler.TldLocationsCache@6644da5a')
四月 13, 2019 1:57:34 下午 org.apache.catalina.core.ApplicationContext log
信息: ContextListener: contextInitialized()
四月 13, 2019 1:57:34 下午 org.apache.catalina.core.ApplicationContext log
信息: SessionListener: contextInitialized()
四月 13, 2019 1:57:34 下午 org.apache.catalina.core.ApplicationContext log
信息: ContextListener: attributeAdded('org.apache.jasper.compiler.TldLocationsCache', 'org.apache.jasper.compiler.TldLocationsCache@58857fe1')
四月 13, 2019 1:57:34 下午 org.apache.catalina.core.ApplicationContext log
信息: SessionListener: contextDestroyed()
四月 13, 2019 1:57:34 下午 org.apache.catalina.core.ApplicationContext log
信息: ContextListener: contextDestroyed()
四月 13, 2019 2:28:31 下午 org.apache.catalina.core.ApplicationContext log
信息: ContextListener: contextInitialized()
四月 13, 2019 2:28:31 下午 org.apache.catalina.core.ApplicationContext log
信息: SessionListener: contextInitialized()
四月 13, 2019 2:28:31 下午 org.apache.catalina.core.ApplicationContext log
信息: ContextListener: attributeAdded('org.apache.jasper.compiler.TldLocationsCache', 'org.apache.jasper.compiler.TldLocationsCache@58857fe1')
四月 13, 2019 2:28:31 下午 org.apache.catalina.core.ApplicationContext log
信息: SessionListener: contextDestroyed()
四月 13, 2019 2:28:31 下午 org.apache.catalina.core.ApplicationContext log
信息: ContextListener: contextDestroyed()
四月 13, 2019 2:28:40 下午 org.apache.catalina.core.ApplicationContext log
信息: ContextListener: contextInitialized()
四月 13, 2019 2:28:40 下午 org.apache.catalina.core.ApplicationContext log
信息: SessionListener: contextInitialized()
四月 13, 2019 2:28:40 下午 org.apache.catalina.core.ApplicationContext log
信息: ContextListener: attributeAdded('org.apache.jasper.compiler.TldLocationsCache', 'org.apache.jasper.compiler.TldLocationsCache@58857fe1')
四月 13, 2019 2:28:40 下午 org.apache.catalina.core.ApplicationContext log
信息: SessionListener: contextDestroyed()
四月 13, 2019 2:28:40 下午 org.apache.catalina.core.ApplicationContext log
信息: ContextListener: contextDestroyed()
四月 13, 2019 2:33:14 下午 org.apache.catalina.core.ApplicationContext log
信息: ContextListener: contextInitialized()
四月 13, 2019 2:33:14 下午 org.apache.catalina.core.ApplicationContext log
信息: SessionListener: contextInitialized()
四月 13, 2019 2:33:14 下午 org.apache.catalina.core.ApplicationContext log
信息: ContextListener: attributeAdded('org.apache.jasper.compiler.TldLocationsCache', 'org.apache.jasper.compiler.TldLocationsCache@53da4b08')
